[2023-01-02T15:37:19.798+0000] {taskinstance.py:1165} INFO - Dependencies all met for <TaskInstance: gcs.gcs_test manual__2023-01-02T15:37:15.816079+00:00 [queued]>
[2023-01-02T15:37:19.842+0000] {taskinstance.py:1165} INFO - Dependencies all met for <TaskInstance: gcs.gcs_test manual__2023-01-02T15:37:15.816079+00:00 [queued]>
[2023-01-02T15:37:19.843+0000] {taskinstance.py:1362} INFO - 
--------------------------------------------------------------------------------
[2023-01-02T15:37:19.845+0000] {taskinstance.py:1363} INFO - Starting attempt 1 of 1
[2023-01-02T15:37:19.846+0000] {taskinstance.py:1364} INFO - 
--------------------------------------------------------------------------------
[2023-01-02T15:37:19.932+0000] {taskinstance.py:1383} INFO - Executing <Task(PythonOperator): gcs_test> on 2023-01-02 15:37:15.816079+00:00
[2023-01-02T15:37:19.964+0000] {standard_task_runner.py:55} INFO - Started process 64 to run task
[2023-01-02T15:37:19.990+0000] {standard_task_runner.py:82} INFO - Running: ['***', 'tasks', 'run', 'gcs', 'gcs_test', 'manual__2023-01-02T15:37:15.816079+00:00', '--job-id', '205', '--raw', '--subdir', 'DAGS_FOLDER/gcs.py', '--cfg-path', '/tmp/tmpozrga214']
[2023-01-02T15:37:19.999+0000] {standard_task_runner.py:83} INFO - Job 205: Subtask gcs_test
[2023-01-02T15:37:20.448+0000] {task_command.py:376} INFO - Running <TaskInstance: gcs.gcs_test manual__2023-01-02T15:37:15.816079+00:00 [running]> on host 703acec1b71e
[2023-01-02T15:37:20.783+0000] {taskinstance.py:1592} INFO - Exporting the following env vars:
AIRFLOW_CTX_DAG_OWNER=***
AIRFLOW_CTX_DAG_ID=gcs
AIRFLOW_CTX_TASK_ID=gcs_test
AIRFLOW_CTX_EXECUTION_DATE=2023-01-02T15:37:15.816079+00:00
AIRFLOW_CTX_TRY_NUMBER=1
AIRFLOW_CTX_DAG_RUN_ID=manual__2023-01-02T15:37:15.816079+00:00
[2023-01-02T15:37:20.786+0000] {taskinstance.py:1851} ERROR - Task failed with exception
Traceback (most recent call last):
  File "/home/airflow/.local/lib/python3.7/site-packages/airflow/operators/python.py", line 175, in execute
    return_value = self.execute_callable()
  File "/home/airflow/.local/lib/python3.7/site-packages/airflow/operators/python.py", line 193, in execute_callable
    return self.python_callable(*self.op_args, **self.op_kwargs)
  File "/opt/airflow/dags/gcs.py", line 14, in upload_to_gcs
    delegate_to=None
TypeError: __init__() got an unexpected keyword argument 'google_cloud_storage_conn_id'
[2023-01-02T15:37:20.829+0000] {taskinstance.py:1406} INFO - Marking task as FAILED. dag_id=gcs, task_id=gcs_test, execution_date=20230102T153715, start_date=20230102T153719, end_date=20230102T153720
[2023-01-02T15:37:20.876+0000] {standard_task_runner.py:105} ERROR - Failed to execute job 205 for task gcs_test (__init__() got an unexpected keyword argument 'google_cloud_storage_conn_id'; 64)
[2023-01-02T15:37:20.934+0000] {local_task_job.py:164} INFO - Task exited with return code 1
[2023-01-02T15:37:21.033+0000] {local_task_job.py:273} INFO - 0 downstream tasks scheduled from follow-on schedule check
