[2023-01-02T15:34:54.622+0000] {taskinstance.py:1165} INFO - Dependencies all met for <TaskInstance: gcs.gcs_test manual__2023-01-02T15:34:50.939029+00:00 [queued]>
[2023-01-02T15:34:54.667+0000] {taskinstance.py:1165} INFO - Dependencies all met for <TaskInstance: gcs.gcs_test manual__2023-01-02T15:34:50.939029+00:00 [queued]>
[2023-01-02T15:34:54.669+0000] {taskinstance.py:1362} INFO - 
--------------------------------------------------------------------------------
[2023-01-02T15:34:54.671+0000] {taskinstance.py:1363} INFO - Starting attempt 1 of 1
[2023-01-02T15:34:54.673+0000] {taskinstance.py:1364} INFO - 
--------------------------------------------------------------------------------
[2023-01-02T15:34:54.748+0000] {taskinstance.py:1383} INFO - Executing <Task(PythonOperator): gcs_test> on 2023-01-02 15:34:50.939029+00:00
[2023-01-02T15:34:54.765+0000] {standard_task_runner.py:55} INFO - Started process 62 to run task
[2023-01-02T15:34:54.778+0000] {standard_task_runner.py:82} INFO - Running: ['***', 'tasks', 'run', 'gcs', 'gcs_test', 'manual__2023-01-02T15:34:50.939029+00:00', '--job-id', '204', '--raw', '--subdir', 'DAGS_FOLDER/gcs.py', '--cfg-path', '/tmp/tmpxefk08n2']
[2023-01-02T15:34:54.786+0000] {standard_task_runner.py:83} INFO - Job 204: Subtask gcs_test
[2023-01-02T15:34:55.097+0000] {task_command.py:376} INFO - Running <TaskInstance: gcs.gcs_test manual__2023-01-02T15:34:50.939029+00:00 [running]> on host 703acec1b71e
[2023-01-02T15:34:55.595+0000] {taskinstance.py:1592} INFO - Exporting the following env vars:
AIRFLOW_CTX_DAG_OWNER=***
AIRFLOW_CTX_DAG_ID=gcs
AIRFLOW_CTX_TASK_ID=gcs_test
AIRFLOW_CTX_EXECUTION_DATE=2023-01-02T15:34:50.939029+00:00
AIRFLOW_CTX_TRY_NUMBER=1
AIRFLOW_CTX_DAG_RUN_ID=manual__2023-01-02T15:34:50.939029+00:00
[2023-01-02T15:34:55.602+0000] {taskinstance.py:1851} ERROR - Task failed with exception
Traceback (most recent call last):
  File "/home/airflow/.local/lib/python3.7/site-packages/airflow/operators/python.py", line 175, in execute
    return_value = self.execute_callable()
  File "/home/airflow/.local/lib/python3.7/site-packages/airflow/operators/python.py", line 193, in execute_callable
    return self.python_callable(*self.op_args, **self.op_kwargs)
  File "/opt/airflow/dags/gcs.py", line 12, in upload_to_gcs
    gcs=GoogleCloudStorageHook(
NameError: name 'GoogleCloudStorageHook' is not defined
[2023-01-02T15:34:55.645+0000] {taskinstance.py:1406} INFO - Marking task as FAILED. dag_id=gcs, task_id=gcs_test, execution_date=20230102T153450, start_date=20230102T153454, end_date=20230102T153455
[2023-01-02T15:34:55.695+0000] {standard_task_runner.py:105} ERROR - Failed to execute job 204 for task gcs_test (name 'GoogleCloudStorageHook' is not defined; 62)
[2023-01-02T15:34:55.721+0000] {local_task_job.py:164} INFO - Task exited with return code 1
[2023-01-02T15:34:55.806+0000] {local_task_job.py:273} INFO - 0 downstream tasks scheduled from follow-on schedule check
